{"D:\\Study\\HCMUT\\Nam4\\Mobile\\book-exchange-fe\\src\\app\\_layout.tsx": {"path":"D:\\Study\\HCMUT\\Nam4\\Mobile\\book-exchange-fe\\src\\app\\_layout.tsx","statementMap":{"0":{"start":{"line":8,"column":35},"end":{"line":11,"column":4}},"1":{"start":{"line":13,"column":2},"end":{"line":19,"column":3}},"2":{"start":{"line":14,"column":4},"end":{"line":18,"column":6}},"3":{"start":{"line":21,"column":2},"end":{"line":60,"column":4}}},"fnMap":{"0":{"name":"RootLayout","decl":{"start":{"line":7,"column":24},"end":{"line":7,"column":34}},"loc":{"start":{"line":7,"column":37},"end":{"line":61,"column":1}},"line":7}},"branchMap":{"0":{"loc":{"start":{"line":13,"column":2},"end":{"line":19,"column":3}},"type":"if","locations":[{"start":{"line":13,"column":2},"end":{"line":19,"column":3}},{"start":{},"end":{}}],"line":13},"1":{"loc":{"start":{"line":13,"column":6},"end":{"line":13,"column":32}},"type":"binary-expr","locations":[{"start":{"line":13,"column":6},"end":{"line":13,"column":18}},{"start":{"line":13,"column":22},"end":{"line":13,"column":32}}],"line":13}},"s":{"0":0,"1":0,"2":0,"3":0},"f":{"0":0},"b":{"0":[0,0],"1":[0,0]}}
,"D:\\Study\\HCMUT\\Nam4\\Mobile\\book-exchange-fe\\src\\app\\index.tsx": {"path":"D:\\Study\\HCMUT\\Nam4\\Mobile\\book-exchange-fe\\src\\app\\index.tsx","statementMap":{"0":{"start":{"line":21,"column":17},"end":{"line":21,"column":28}},"1":{"start":{"line":22,"column":28},"end":{"line":22,"column":53}},"2":{"start":{"line":24,"column":24},"end":{"line":24,"column":41}},"3":{"start":{"line":25,"column":22},"end":{"line":25,"column":39}},"4":{"start":{"line":26,"column":25},"end":{"line":26,"column":42}},"5":{"start":{"line":27,"column":22},"end":{"line":27,"column":39}},"6":{"start":{"line":28,"column":25},"end":{"line":28,"column":42}},"7":{"start":{"line":30,"column":26},"end":{"line":40,"column":3}},"8":{"start":{"line":31,"column":4},"end":{"line":31,"column":59}},"9":{"start":{"line":32,"column":4},"end":{"line":32,"column":26}},"10":{"start":{"line":33,"column":4},"end":{"line":33,"column":30}},"11":{"start":{"line":34,"column":4},"end":{"line":34,"column":57}},"12":{"start":{"line":35,"column":4},"end":{"line":35,"column":60}},"13":{"start":{"line":36,"column":4},"end":{"line":36,"column":26}},"14":{"start":{"line":37,"column":4},"end":{"line":37,"column":30}},"15":{"start":{"line":38,"column":4},"end":{"line":38,"column":57}},"16":{"start":{"line":39,"column":4},"end":{"line":39,"column":60}},"17":{"start":{"line":42,"column":27},"end":{"line":52,"column":3}},"18":{"start":{"line":43,"column":4},"end":{"line":43,"column":59}},"19":{"start":{"line":44,"column":4},"end":{"line":44,"column":57}},"20":{"start":{"line":45,"column":4},"end":{"line":45,"column":62}},"21":{"start":{"line":46,"column":4},"end":{"line":46,"column":57}},"22":{"start":{"line":47,"column":4},"end":{"line":51,"column":7}},"23":{"start":{"line":48,"column":6},"end":{"line":50,"column":7}},"24":{"start":{"line":49,"column":8},"end":{"line":49,"column":22}},"25":{"start":{"line":54,"column":26},"end":{"line":64,"column":3}},"26":{"start":{"line":55,"column":4},"end":{"line":55,"column":59}},"27":{"start":{"line":56,"column":4},"end":{"line":56,"column":26}},"28":{"start":{"line":57,"column":4},"end":{"line":57,"column":31}},"29":{"start":{"line":58,"column":4},"end":{"line":58,"column":57}},"30":{"start":{"line":59,"column":4},"end":{"line":59,"column":60}},"31":{"start":{"line":60,"column":4},"end":{"line":60,"column":26}},"32":{"start":{"line":61,"column":4},"end":{"line":61,"column":30}},"33":{"start":{"line":62,"column":4},"end":{"line":62,"column":57}},"34":{"start":{"line":63,"column":4},"end":{"line":63,"column":60}},"35":{"start":{"line":66,"column":27},"end":{"line":75,"column":3}},"36":{"start":{"line":67,"column":4},"end":{"line":67,"column":59}},"37":{"start":{"line":68,"column":4},"end":{"line":68,"column":57}},"38":{"start":{"line":69,"column":4},"end":{"line":69,"column":57}},"39":{"start":{"line":70,"column":4},"end":{"line":74,"column":7}},"40":{"start":{"line":71,"column":6},"end":{"line":73,"column":7}},"41":{"start":{"line":72,"column":8},"end":{"line":72,"column":22}},"42":{"start":{"line":77,"column":2},"end":{"line":102,"column":9}},"43":{"start":{"line":81,"column":16},"end":{"line":95,"column":5}},"44":{"start":{"line":82,"column":6},"end":{"line":82,"column":24}},"45":{"start":{"line":83,"column":6},"end":{"line":94,"column":14}},"46":{"start":{"line":84,"column":8},"end":{"line":93,"column":11}},"47":{"start":{"line":85,"column":10},"end":{"line":85,"column":29}},"48":{"start":{"line":86,"column":10},"end":{"line":86,"column":28}},"49":{"start":{"line":87,"column":10},"end":{"line":92,"column":18}},"50":{"start":{"line":88,"column":12},"end":{"line":91,"column":15}},"51":{"start":{"line":90,"column":14},"end":{"line":90,"column":35}},"52":{"start":{"line":96,"column":4},"end":{"line":96,"column":10}},"53":{"start":{"line":98,"column":4},"end":{"line":101,"column":6}},"54":{"start":{"line":99,"column":6},"end":{"line":99,"column":31}},"55":{"start":{"line":99,"column":14},"end":{"line":99,"column":31}},"56":{"start":{"line":100,"column":6},"end":{"line":100,"column":31}},"57":{"start":{"line":100,"column":14},"end":{"line":100,"column":31}},"58":{"start":{"line":104,"column":33},"end":{"line":106,"column":4}},"59":{"start":{"line":105,"column":4},"end":{"line":105,"column":44}},"60":{"start":{"line":107,"column":28},"end":{"line":112,"column":4}},"61":{"start":{"line":108,"column":4},"end":{"line":111,"column":6}},"62":{"start":{"line":113,"column":28},"end":{"line":118,"column":4}},"63":{"start":{"line":114,"column":4},"end":{"line":117,"column":6}},"64":{"start":{"line":119,"column":27},"end":{"line":127,"column":3}},"65":{"start":{"line":120,"column":20},"end":{"line":120,"column":46}},"66":{"start":{"line":121,"column":4},"end":{"line":126,"column":5}},"67":{"start":{"line":122,"column":6},"end":{"line":122,"column":36}},"68":{"start":{"line":125,"column":6},"end":{"line":125,"column":36}},"69":{"start":{"line":129,"column":2},"end":{"line":166,"column":4}}},"fnMap":{"0":{"name":"LaunchAnimationScreen","decl":{"start":{"line":20,"column":24},"end":{"line":20,"column":45}},"loc":{"start":{"line":20,"column":48},"end":{"line":167,"column":1}},"line":20},"1":{"name":"(anonymous_1)","decl":{"start":{"line":30,"column":26},"end":{"line":30,"column":27}},"loc":{"start":{"line":30,"column":32},"end":{"line":40,"column":3}},"line":30},"2":{"name":"(anonymous_2)","decl":{"start":{"line":42,"column":27},"end":{"line":42,"column":28}},"loc":{"start":{"line":42,"column":48},"end":{"line":52,"column":3}},"line":42},"3":{"name":"(anonymous_3)","decl":{"start":{"line":47,"column":61},"end":{"line":47,"column":62}},"loc":{"start":{"line":47,"column":75},"end":{"line":51,"column":5}},"line":47},"4":{"name":"(anonymous_4)","decl":{"start":{"line":54,"column":26},"end":{"line":54,"column":27}},"loc":{"start":{"line":54,"column":32},"end":{"line":64,"column":3}},"line":54},"5":{"name":"(anonymous_5)","decl":{"start":{"line":66,"column":27},"end":{"line":66,"column":28}},"loc":{"start":{"line":66,"column":48},"end":{"line":75,"column":3}},"line":66},"6":{"name":"(anonymous_6)","decl":{"start":{"line":70,"column":59},"end":{"line":70,"column":60}},"loc":{"start":{"line":70,"column":73},"end":{"line":74,"column":5}},"line":70},"7":{"name":"(anonymous_7)","decl":{"start":{"line":77,"column":12},"end":{"line":77,"column":13}},"loc":{"start":{"line":77,"column":18},"end":{"line":102,"column":3}},"line":77},"8":{"name":"(anonymous_8)","decl":{"start":{"line":81,"column":16},"end":{"line":81,"column":17}},"loc":{"start":{"line":81,"column":28},"end":{"line":95,"column":5}},"line":81},"9":{"name":"(anonymous_9)","decl":{"start":{"line":83,"column":22},"end":{"line":83,"column":23}},"loc":{"start":{"line":83,"column":28},"end":{"line":94,"column":7}},"line":83},"10":{"name":"(anonymous_10)","decl":{"start":{"line":84,"column":25},"end":{"line":84,"column":26}},"loc":{"start":{"line":84,"column":31},"end":{"line":93,"column":9}},"line":84},"11":{"name":"(anonymous_11)","decl":{"start":{"line":87,"column":26},"end":{"line":87,"column":27}},"loc":{"start":{"line":87,"column":32},"end":{"line":92,"column":11}},"line":87},"12":{"name":"(anonymous_12)","decl":{"start":{"line":88,"column":29},"end":{"line":88,"column":30}},"loc":{"start":{"line":88,"column":35},"end":{"line":91,"column":13}},"line":88},"13":{"name":"(anonymous_13)","decl":{"start":{"line":98,"column":11},"end":{"line":98,"column":12}},"loc":{"start":{"line":98,"column":17},"end":{"line":101,"column":5}},"line":98},"14":{"name":"(anonymous_14)","decl":{"start":{"line":104,"column":50},"end":{"line":104,"column":51}},"loc":{"start":{"line":104,"column":56},"end":{"line":106,"column":3}},"line":104},"15":{"name":"(anonymous_15)","decl":{"start":{"line":107,"column":45},"end":{"line":107,"column":46}},"loc":{"start":{"line":107,"column":51},"end":{"line":112,"column":3}},"line":107},"16":{"name":"(anonymous_16)","decl":{"start":{"line":113,"column":45},"end":{"line":113,"column":46}},"loc":{"start":{"line":113,"column":51},"end":{"line":118,"column":3}},"line":113},"17":{"name":"(anonymous_17)","decl":{"start":{"line":119,"column":27},"end":{"line":119,"column":28}},"loc":{"start":{"line":119,"column":39},"end":{"line":127,"column":3}},"line":119}},"branchMap":{"0":{"loc":{"start":{"line":48,"column":6},"end":{"line":50,"column":7}},"type":"if","locations":[{"start":{"line":48,"column":6},"end":{"line":50,"column":7}},{"start":{},"end":{}}],"line":48},"1":{"loc":{"start":{"line":48,"column":10},"end":{"line":48,"column":24}},"type":"binary-expr","locations":[{"start":{"line":48,"column":10},"end":{"line":48,"column":18}},{"start":{"line":48,"column":22},"end":{"line":48,"column":24}}],"line":48},"2":{"loc":{"start":{"line":71,"column":6},"end":{"line":73,"column":7}},"type":"if","locations":[{"start":{"line":71,"column":6},"end":{"line":73,"column":7}},{"start":{},"end":{}}],"line":71},"3":{"loc":{"start":{"line":71,"column":10},"end":{"line":71,"column":24}},"type":"binary-expr","locations":[{"start":{"line":71,"column":10},"end":{"line":71,"column":18}},{"start":{"line":71,"column":22},"end":{"line":71,"column":24}}],"line":71},"4":{"loc":{"start":{"line":99,"column":6},"end":{"line":99,"column":31}},"type":"if","locations":[{"start":{"line":99,"column":6},"end":{"line":99,"column":31}},{"start":{},"end":{}}],"line":99},"5":{"loc":{"start":{"line":100,"column":6},"end":{"line":100,"column":31}},"type":"if","locations":[{"start":{"line":100,"column":6},"end":{"line":100,"column":31}},{"start":{},"end":{}}],"line":100},"6":{"loc":{"start":{"line":121,"column":4},"end":{"line":126,"column":5}},"type":"if","locations":[{"start":{"line":121,"column":4},"end":{"line":126,"column":5}},{"start":{"line":124,"column":8},"end":{"line":126,"column":5}}],"line":121},"7":{"loc":{"start":{"line":131,"column":27},"end":{"line":131,"column":80}},"type":"cond-expr","locations":[{"start":{"line":131,"column":48},"end":{"line":131,"column":63}},{"start":{"line":131,"column":66},"end":{"line":131,"column":80}}],"line":131},"8":{"loc":{"start":{"line":135,"column":10},"end":{"line":135,"column":58}},"type":"cond-expr","locations":[{"start":{"line":135,"column":31},"end":{"line":135,"column":45}},{"start":{"line":135,"column":48},"end":{"line":135,"column":58}}],"line":135},"9":{"loc":{"start":{"line":140,"column":11},"end":{"line":144,"column":11}},"type":"cond-expr","locations":[{"start":{"line":141,"column":12},"end":{"line":141,"column":61}},{"start":{"line":143,"column":12},"end":{"line":143,"column":71}}],"line":140},"10":{"loc":{"start":{"line":150,"column":14},"end":{"line":150,"column":71}},"type":"cond-expr","locations":[{"start":{"line":150,"column":35},"end":{"line":150,"column":47}},{"start":{"line":150,"column":50},"end":{"line":150,"column":71}}],"line":150},"11":{"loc":{"start":{"line":158,"column":11},"end":{"line":162,"column":11}},"type":"cond-expr","locations":[{"start":{"line":159,"column":12},"end":{"line":159,"column":29}},{"start":{"line":161,"column":12},"end":{"line":161,"column":31}}],"line":158}},"s":{"0":0,"1":0,"2":0,"3":0,"4":0,"5":0,"6":0,"7":0,"8":0,"9":0,"10":0,"11":0,"12":0,"13":0,"14":0,"15":0,"16":0,"17":0,"18":0,"19":0,"20":0,"21":0,"22":0,"23":0,"24":0,"25":0,"26":0,"27":0,"28":0,"29":0,"30":0,"31":0,"32":0,"33":0,"34":0,"35":0,"36":0,"37":0,"38":0,"39":0,"40":0,"41":0,"42":0,"43":0,"44":0,"45":0,"46":0,"47":0,"48":0,"49":0,"50":0,"51":0,"52":0,"53":0,"54":0,"55":0,"56":0,"57":0,"58":0,"59":0,"60":0,"61":0,"62":0,"63":0,"64":0,"65":0,"66":0,"67":0,"68":0,"69":0},"f":{"0":0,"1":0,"2":0,"3":0,"4":0,"5":0,"6":0,"7":0,"8":0,"9":0,"10":0,"11":0,"12":0,"13":0,"14":0,"15":0,"16":0,"17":0},"b":{"0":[0,0],"1":[0,0],"2":[0,0],"3":[0,0],"4":[0,0],"5":[0,0],"6":[0,0],"7":[0,0],"8":[0,0],"9":[0,0],"10":[0,0],"11":[0,0]}}
,"D:\\Study\\HCMUT\\Nam4\\Mobile\\book-exchange-fe\\src\\app\\success.tsx": {"path":"D:\\Study\\HCMUT\\Nam4\\Mobile\\book-exchange-fe\\src\\app\\success.tsx","statementMap":{"0":{"start":{"line":10,"column":22},"end":{"line":12,"column":3}},"1":{"start":{"line":11,"column":4},"end":{"line":11,"column":28}},"2":{"start":{"line":14,"column":2},"end":{"line":39,"column":4}}},"fnMap":{"0":{"name":"SuccessScreen","decl":{"start":{"line":8,"column":24},"end":{"line":8,"column":37}},"loc":{"start":{"line":8,"column":40},"end":{"line":40,"column":1}},"line":8},"1":{"name":"(anonymous_1)","decl":{"start":{"line":10,"column":22},"end":{"line":10,"column":23}},"loc":{"start":{"line":10,"column":28},"end":{"line":12,"column":3}},"line":10}},"branchMap":{},"s":{"0":0,"1":0,"2":0},"f":{"0":0,"1":0},"b":{}}
,"D:\\Study\\HCMUT\\Nam4\\Mobile\\book-exchange-fe\\src\\app\\auth\\login\\index.tsx": {"path":"D:\\Study\\HCMUT\\Nam4\\Mobile\\book-exchange-fe\\src\\app\\auth\\login\\index.tsx","statementMap":{"0":{"start":{"line":10,"column":0},"end":{"line":10,"column":38}},"1":{"start":{"line":13,"column":19},"end":{"line":13,"column":30}},"2":{"start":{"line":14,"column":36},"end":{"line":14,"column":55}},"3":{"start":{"line":16,"column":45},"end":{"line":21,"column":6}},"4":{"start":{"line":23,"column":4},"end":{"line":30,"column":19}},"5":{"start":{"line":24,"column":8},"end":{"line":29,"column":9}},"6":{"start":{"line":25,"column":39},"end":{"line":25,"column":47}},"7":{"start":{"line":26,"column":12},"end":{"line":28,"column":13}},"8":{"start":{"line":27,"column":16},"end":{"line":27,"column":58}},"9":{"start":{"line":32,"column":26},"end":{"line":45,"column":5}},"10":{"start":{"line":33,"column":8},"end":{"line":44,"column":9}},"11":{"start":{"line":34,"column":29},"end":{"line":36,"column":14}},"12":{"start":{"line":37,"column":25},"end":{"line":37,"column":46}},"13":{"start":{"line":38,"column":12},"end":{"line":38,"column":30}},"14":{"start":{"line":39,"column":12},"end":{"line":39,"column":44}},"15":{"start":{"line":40,"column":12},"end":{"line":40,"column":36}},"16":{"start":{"line":42,"column":12},"end":{"line":42,"column":62}},"17":{"start":{"line":43,"column":12},"end":{"line":43,"column":69}},"18":{"start":{"line":47,"column":28},"end":{"line":47,"column":134}},"19":{"start":{"line":48,"column":30},"end":{"line":48,"column":110}},"20":{"start":{"line":50,"column":4},"end":{"line":93,"column":6}},"21":{"start":{"line":62,"column":39},"end":{"line":62,"column":65}},"22":{"start":{"line":73,"column":39},"end":{"line":73,"column":65}},"23":{"start":{"line":83,"column":39},"end":{"line":83,"column":65}}},"fnMap":{"0":{"name":"LoginScreen","decl":{"start":{"line":12,"column":24},"end":{"line":12,"column":35}},"loc":{"start":{"line":12,"column":38},"end":{"line":94,"column":1}},"line":12},"1":{"name":"(anonymous_1)","decl":{"start":{"line":23,"column":14},"end":{"line":23,"column":15}},"loc":{"start":{"line":23,"column":20},"end":{"line":30,"column":5}},"line":23},"2":{"name":"(anonymous_2)","decl":{"start":{"line":32,"column":26},"end":{"line":32,"column":27}},"loc":{"start":{"line":32,"column":57},"end":{"line":45,"column":5}},"line":32},"3":{"name":"(anonymous_3)","decl":{"start":{"line":62,"column":33},"end":{"line":62,"column":34}},"loc":{"start":{"line":62,"column":39},"end":{"line":62,"column":65}},"line":62},"4":{"name":"(anonymous_4)","decl":{"start":{"line":73,"column":33},"end":{"line":73,"column":34}},"loc":{"start":{"line":73,"column":39},"end":{"line":73,"column":65}},"line":73},"5":{"name":"(anonymous_5)","decl":{"start":{"line":83,"column":33},"end":{"line":83,"column":34}},"loc":{"start":{"line":83,"column":39},"end":{"line":83,"column":65}},"line":83}},"branchMap":{"0":{"loc":{"start":{"line":24,"column":8},"end":{"line":29,"column":9}},"type":"if","locations":[{"start":{"line":24,"column":8},"end":{"line":29,"column":9}},{"start":{},"end":{}}],"line":24},"1":{"loc":{"start":{"line":26,"column":12},"end":{"line":28,"column":13}},"type":"if","locations":[{"start":{"line":26,"column":12},"end":{"line":28,"column":13}},{"start":{},"end":{}}],"line":26}},"s":{"0":0,"1":0,"2":0,"3":0,"4":0,"5":0,"6":0,"7":0,"8":0,"9":0,"10":0,"11":0,"12":0,"13":0,"14":0,"15":0,"16":0,"17":0,"18":0,"19":0,"20":0,"21":0,"22":0,"23":0},"f":{"0":0,"1":0,"2":0,"3":0,"4":0,"5":0},"b":{"0":[0,0],"1":[0,0]}}
,"D:\\Study\\HCMUT\\Nam4\\Mobile\\book-exchange-fe\\src\\app\\auth\\phone\\index.tsx": {"path":"D:\\Study\\HCMUT\\Nam4\\Mobile\\book-exchange-fe\\src\\app\\auth\\phone\\index.tsx","statementMap":{"0":{"start":{"line":15,"column":17},"end":{"line":15,"column":28}},"1":{"start":{"line":16,"column":30},"end":{"line":16,"column":50}},"2":{"start":{"line":18,"column":22},"end":{"line":18,"column":30}},"3":{"start":{"line":20,"column":20},"end":{"line":25,"column":14}},"4":{"start":{"line":21,"column":14},"end":{"line":21,"column":39}},"5":{"start":{"line":22,"column":28},"end":{"line":22,"column":30}},"6":{"start":{"line":23,"column":4},"end":{"line":23,"column":72}},"7":{"start":{"line":23,"column":17},"end":{"line":23,"column":18}},"8":{"start":{"line":23,"column":42},"end":{"line":23,"column":72}},"9":{"start":{"line":24,"column":4},"end":{"line":24,"column":27}},"10":{"start":{"line":27,"column":23},"end":{"line":32,"column":3}},"11":{"start":{"line":28,"column":22},"end":{"line":28,"column":45}},"12":{"start":{"line":29,"column":4},"end":{"line":31,"column":5}},"13":{"start":{"line":30,"column":6},"end":{"line":30,"column":27}},"14":{"start":{"line":34,"column":22},"end":{"line":34,"column":40}},"15":{"start":{"line":36,"column":2},"end":{"line":90,"column":4}},"16":{"start":{"line":81,"column":27},"end":{"line":81,"column":50}}},"fnMap":{"0":{"name":"PhoneNumberScreen","decl":{"start":{"line":14,"column":24},"end":{"line":14,"column":41}},"loc":{"start":{"line":14,"column":44},"end":{"line":91,"column":1}},"line":14},"1":{"name":"(anonymous_1)","decl":{"start":{"line":20,"column":28},"end":{"line":20,"column":29}},"loc":{"start":{"line":20,"column":34},"end":{"line":25,"column":3}},"line":20},"2":{"name":"(anonymous_2)","decl":{"start":{"line":27,"column":23},"end":{"line":27,"column":24}},"loc":{"start":{"line":27,"column":41},"end":{"line":32,"column":3}},"line":27},"3":{"name":"(anonymous_3)","decl":{"start":{"line":81,"column":21},"end":{"line":81,"column":22}},"loc":{"start":{"line":81,"column":27},"end":{"line":81,"column":50}},"line":81}},"branchMap":{"0":{"loc":{"start":{"line":29,"column":4},"end":{"line":31,"column":5}},"type":"if","locations":[{"start":{"line":29,"column":4},"end":{"line":31,"column":5}},{"start":{},"end":{}}],"line":29},"1":{"loc":{"start":{"line":39,"column":18},"end":{"line":39,"column":62}},"type":"cond-expr","locations":[{"start":{"line":39,"column":42},"end":{"line":39,"column":51}},{"start":{"line":39,"column":54},"end":{"line":39,"column":62}}],"line":39}},"s":{"0":0,"1":0,"2":0,"3":0,"4":0,"5":0,"6":0,"7":0,"8":0,"9":0,"10":0,"11":0,"12":0,"13":0,"14":0,"15":0,"16":0},"f":{"0":0,"1":0,"2":0,"3":0},"b":{"0":[0,0],"1":[0,0]}}
,"D:\\Study\\HCMUT\\Nam4\\Mobile\\book-exchange-fe\\src\\app\\cart\\index.tsx": {"path":"D:\\Study\\HCMUT\\Nam4\\Mobile\\book-exchange-fe\\src\\app\\cart\\index.tsx","statementMap":{"0":{"start":{"line":4,"column":4},"end":{"line":8,"column":6}}},"fnMap":{"0":{"name":"Index","decl":{"start":{"line":3,"column":24},"end":{"line":3,"column":29}},"loc":{"start":{"line":3,"column":32},"end":{"line":9,"column":1}},"line":3}},"branchMap":{},"s":{"0":0},"f":{"0":0},"b":{}}
,"D:\\Study\\HCMUT\\Nam4\\Mobile\\book-exchange-fe\\src\\app\\home\\index.tsx": {"path":"D:\\Study\\HCMUT\\Nam4\\Mobile\\book-exchange-fe\\src\\app\\home\\index.tsx","statementMap":{"0":{"start":{"line":13,"column":21},"end":{"line":13,"column":34}},"1":{"start":{"line":14,"column":21},"end":{"line":14,"column":33}},"2":{"start":{"line":16,"column":14},"end":{"line":67,"column":1}},"3":{"start":{"line":69,"column":19},"end":{"line":69,"column":68}},"4":{"start":{"line":110,"column":2},"end":{"line":199,"column":4}},"5":{"start":{"line":135,"column":14},"end":{"line":144,"column":26}},"6":{"start":{"line":159,"column":14},"end":{"line":192,"column":26}}},"fnMap":{"0":{"name":"Index","decl":{"start":{"line":72,"column":24},"end":{"line":72,"column":29}},"loc":{"start":{"line":72,"column":32},"end":{"line":200,"column":1}},"line":72},"1":{"name":"(anonymous_1)","decl":{"start":{"line":134,"column":28},"end":{"line":134,"column":29}},"loc":{"start":{"line":135,"column":14},"end":{"line":144,"column":26}},"line":135},"2":{"name":"(anonymous_2)","decl":{"start":{"line":158,"column":23},"end":{"line":158,"column":24}},"loc":{"start":{"line":159,"column":14},"end":{"line":192,"column":26}},"line":159}},"branchMap":{"0":{"loc":{"start":{"line":138,"column":18},"end":{"line":140,"column":47}},"type":"cond-expr","locations":[{"start":{"line":139,"column":22},"end":{"line":139,"column":38}},{"start":{"line":140,"column":22},"end":{"line":140,"column":47}}],"line":138},"1":{"loc":{"start":{"line":170,"column":21},"end":{"line":176,"column":21}},"type":"binary-expr","locations":[{"start":{"line":170,"column":21},"end":{"line":170,"column":31}},{"start":{"line":171,"column":22},"end":{"line":175,"column":29}}],"line":170},"2":{"loc":{"start":{"line":185,"column":21},"end":{"line":189,"column":21}},"type":"binary-expr","locations":[{"start":{"line":185,"column":21},"end":{"line":185,"column":37}},{"start":{"line":185,"column":41},"end":{"line":185,"column":59}},{"start":{"line":186,"column":22},"end":{"line":188,"column":29}}],"line":185}},"s":{"0":0,"1":0,"2":0,"3":0,"4":0,"5":0,"6":0},"f":{"0":0,"1":0,"2":0},"b":{"0":[0,0],"1":[0,0],"2":[0,0,0]}}
,"D:\\Study\\HCMUT\\Nam4\\Mobile\\book-exchange-fe\\src\\app\\hooks\\useOnboardingGate.ts": {"path":"D:\\Study\\HCMUT\\Nam4\\Mobile\\book-exchange-fe\\src\\app\\hooks\\useOnboardingGate.ts","statementMap":{"0":{"start":{"line":4,"column":12},"end":{"line":4,"column":26}},"1":{"start":{"line":7,"column":32},"end":{"line":7,"column":46}},"2":{"start":{"line":8,"column":58},"end":{"line":8,"column":81}},"3":{"start":{"line":10,"column":2},"end":{"line":19,"column":9}},"4":{"start":{"line":11,"column":4},"end":{"line":18,"column":9}},"5":{"start":{"line":12,"column":6},"end":{"line":17,"column":7}},"6":{"start":{"line":13,"column":18},"end":{"line":13,"column":49}},"7":{"start":{"line":14,"column":8},"end":{"line":14,"column":46}},"8":{"start":{"line":16,"column":8},"end":{"line":16,"column":26}},"9":{"start":{"line":21,"column":19},"end":{"line":24,"column":3}},"10":{"start":{"line":22,"column":4},"end":{"line":22,"column":44}},"11":{"start":{"line":23,"column":4},"end":{"line":23,"column":35}},"12":{"start":{"line":26,"column":2},"end":{"line":26,"column":53}}},"fnMap":{"0":{"name":"useOnboardingGate","decl":{"start":{"line":6,"column":16},"end":{"line":6,"column":33}},"loc":{"start":{"line":6,"column":36},"end":{"line":27,"column":1}},"line":6},"1":{"name":"(anonymous_1)","decl":{"start":{"line":10,"column":12},"end":{"line":10,"column":13}},"loc":{"start":{"line":10,"column":18},"end":{"line":19,"column":3}},"line":10},"2":{"name":"(anonymous_2)","decl":{"start":{"line":11,"column":5},"end":{"line":11,"column":6}},"loc":{"start":{"line":11,"column":17},"end":{"line":18,"column":5}},"line":11},"3":{"name":"(anonymous_3)","decl":{"start":{"line":21,"column":19},"end":{"line":21,"column":20}},"loc":{"start":{"line":21,"column":31},"end":{"line":24,"column":3}},"line":21}},"branchMap":{},"s":{"0":0,"1":0,"2":0,"3":0,"4":0,"5":0,"6":0,"7":0,"8":0,"9":0,"10":0,"11":0,"12":0},"f":{"0":0,"1":0,"2":0,"3":0},"b":{}}
,"D:\\Study\\HCMUT\\Nam4\\Mobile\\book-exchange-fe\\src\\app\\onboarding\\index.tsx": {"path":"D:\\Study\\HCMUT\\Nam4\\Mobile\\book-exchange-fe\\src\\app\\onboarding\\index.tsx","statementMap":{"0":{"start":{"line":32,"column":21},"end":{"line":32,"column":30}},"1":{"start":{"line":33,"column":15},"end":{"line":33,"column":24}},"2":{"start":{"line":35,"column":24},"end":{"line":54,"column":1}},"3":{"start":{"line":56,"column":26},"end":{"line":56,"column":69}},"4":{"start":{"line":59,"column":17},"end":{"line":59,"column":28}},"5":{"start":{"line":60,"column":20},"end":{"line":60,"column":41}},"6":{"start":{"line":61,"column":23},"end":{"line":61,"column":42}},"7":{"start":{"line":63,"column":18},"end":{"line":63,"column":47}},"8":{"start":{"line":64,"column":28},"end":{"line":64,"column":39}},"9":{"start":{"line":66,"column":28},"end":{"line":66,"column":45}},"10":{"start":{"line":68,"column":17},"end":{"line":74,"column":3}},"11":{"start":{"line":69,"column":4},"end":{"line":73,"column":5}},"12":{"start":{"line":70,"column":6},"end":{"line":70,"column":75}},"13":{"start":{"line":72,"column":6},"end":{"line":72,"column":19}},"14":{"start":{"line":75,"column":17},"end":{"line":76,"column":85}},"15":{"start":{"line":76,"column":4},"end":{"line":76,"column":85}},"16":{"start":{"line":77,"column":17},"end":{"line":77,"column":35}},"17":{"start":{"line":77,"column":23},"end":{"line":77,"column":35}},"18":{"start":{"line":78,"column":17},"end":{"line":81,"column":3}},"19":{"start":{"line":79,"column":4},"end":{"line":79,"column":21}},"20":{"start":{"line":80,"column":4},"end":{"line":80,"column":34}},"21":{"start":{"line":83,"column":28},"end":{"line":83,"column":63}},"22":{"start":{"line":84,"column":33},"end":{"line":90,"column":12}},"23":{"start":{"line":85,"column":21},"end":{"line":85,"column":51}},"24":{"start":{"line":86,"column":4},"end":{"line":86,"column":23}},"25":{"start":{"line":87,"column":4},"end":{"line":89,"column":7}},"26":{"start":{"line":92,"column":34},"end":{"line":96,"column":4}},"27":{"start":{"line":93,"column":4},"end":{"line":95,"column":6}},"28":{"start":{"line":98,"column":21},"end":{"line":101,"column":3}},"29":{"start":{"line":99,"column":4},"end":{"line":99,"column":38}},"30":{"start":{"line":100,"column":4},"end":{"line":100,"column":34}},"31":{"start":{"line":103,"column":2},"end":{"line":179,"column":4}},"32":{"start":{"line":119,"column":32},"end":{"line":119,"column":38}},"33":{"start":{"line":123,"column":36},"end":{"line":127,"column":11}},"34":{"start":{"line":131,"column":12},"end":{"line":144,"column":19}},"35":{"start":{"line":151,"column":14},"end":{"line":151,"column":68}},"36":{"start":{"line":182,"column":20},"end":{"line":213,"column":1}},"37":{"start":{"line":189,"column":24},"end":{"line":205,"column":4}},"38":{"start":{"line":190,"column":21},"end":{"line":190,"column":43}},"39":{"start":{"line":192,"column":17},"end":{"line":195,"column":6}},"40":{"start":{"line":197,"column":4},"end":{"line":204,"column":6}},"41":{"start":{"line":207,"column":2},"end":{"line":212,"column":4}}},"fnMap":{"0":{"name":"OnboardingScreen","decl":{"start":{"line":58,"column":24},"end":{"line":58,"column":40}},"loc":{"start":{"line":58,"column":43},"end":{"line":180,"column":1}},"line":58},"1":{"name":"(anonymous_1)","decl":{"start":{"line":68,"column":17},"end":{"line":68,"column":18}},"loc":{"start":{"line":68,"column":23},"end":{"line":74,"column":3}},"line":68},"2":{"name":"(anonymous_2)","decl":{"start":{"line":75,"column":17},"end":{"line":75,"column":18}},"loc":{"start":{"line":76,"column":4},"end":{"line":76,"column":85}},"line":76},"3":{"name":"(anonymous_3)","decl":{"start":{"line":77,"column":17},"end":{"line":77,"column":18}},"loc":{"start":{"line":77,"column":23},"end":{"line":77,"column":35}},"line":77},"4":{"name":"(anonymous_4)","decl":{"start":{"line":78,"column":17},"end":{"line":78,"column":18}},"loc":{"start":{"line":78,"column":29},"end":{"line":81,"column":3}},"line":78},"5":{"name":"(anonymous_5)","decl":{"start":{"line":84,"column":40},"end":{"line":84,"column":41}},"loc":{"start":{"line":84,"column":68},"end":{"line":90,"column":3}},"line":84},"6":{"name":"(anonymous_6)","decl":{"start":{"line":92,"column":51},"end":{"line":92,"column":52}},"loc":{"start":{"line":92,"column":57},"end":{"line":96,"column":3}},"line":92},"7":{"name":"(anonymous_7)","decl":{"start":{"line":98,"column":21},"end":{"line":98,"column":22}},"loc":{"start":{"line":98,"column":32},"end":{"line":101,"column":3}},"line":98},"8":{"name":"(anonymous_8)","decl":{"start":{"line":119,"column":24},"end":{"line":119,"column":25}},"loc":{"start":{"line":119,"column":32},"end":{"line":119,"column":38}},"line":119},"9":{"name":"(anonymous_9)","decl":{"start":{"line":123,"column":25},"end":{"line":123,"column":26}},"loc":{"start":{"line":123,"column":36},"end":{"line":127,"column":11}},"line":123},"10":{"name":"(anonymous_10)","decl":{"start":{"line":130,"column":22},"end":{"line":130,"column":23}},"loc":{"start":{"line":131,"column":12},"end":{"line":144,"column":19}},"line":131},"11":{"name":"(anonymous_11)","decl":{"start":{"line":150,"column":24},"end":{"line":150,"column":25}},"loc":{"start":{"line":151,"column":14},"end":{"line":151,"column":68}},"line":151},"12":{"name":"(anonymous_12)","decl":{"start":{"line":182,"column":20},"end":{"line":182,"column":21}},"loc":{"start":{"line":188,"column":6},"end":{"line":213,"column":1}},"line":188},"13":{"name":"(anonymous_13)","decl":{"start":{"line":189,"column":41},"end":{"line":189,"column":42}},"loc":{"start":{"line":189,"column":47},"end":{"line":205,"column":3}},"line":189}},"branchMap":{"0":{"loc":{"start":{"line":69,"column":4},"end":{"line":73,"column":5}},"type":"if","locations":[{"start":{"line":69,"column":4},"end":{"line":73,"column":5}},{"start":{"line":71,"column":11},"end":{"line":73,"column":5}}],"line":69},"1":{"loc":{"start":{"line":76,"column":4},"end":{"line":76,"column":85}},"type":"binary-expr","locations":[{"start":{"line":76,"column":4},"end":{"line":76,"column":13}},{"start":{"line":76,"column":17},"end":{"line":76,"column":85}}],"line":76},"2":{"loc":{"start":{"line":85,"column":21},"end":{"line":85,"column":51}},"type":"binary-expr","locations":[{"start":{"line":85,"column":21},"end":{"line":85,"column":46}},{"start":{"line":85,"column":50},"end":{"line":85,"column":51}}],"line":85},"3":{"loc":{"start":{"line":87,"column":41},"end":{"line":87,"column":61}},"type":"cond-expr","locations":[{"start":{"line":87,"column":56},"end":{"line":87,"column":57}},{"start":{"line":87,"column":60},"end":{"line":87,"column":61}}],"line":87},"4":{"loc":{"start":{"line":161,"column":17},"end":{"line":161,"column":69}},"type":"cond-expr","locations":[{"start":{"line":161,"column":47},"end":{"line":161,"column":56}},{"start":{"line":161,"column":59},"end":{"line":161,"column":69}}],"line":161},"5":{"loc":{"start":{"line":192,"column":28},"end":{"line":192,"column":44}},"type":"cond-expr","locations":[{"start":{"line":192,"column":39},"end":{"line":192,"column":40}},{"start":{"line":192,"column":43},"end":{"line":192,"column":44}}],"line":192},"6":{"loc":{"start":{"line":200,"column":34},"end":{"line":200,"column":66}},"type":"cond-expr","locations":[{"start":{"line":200,"column":45},"end":{"line":200,"column":51}},{"start":{"line":200,"column":54},"end":{"line":200,"column":66}}],"line":200}},"s":{"0":1,"1":1,"2":1,"3":1,"4":8,"5":8,"6":8,"7":8,"8":8,"9":8,"10":8,"11":2,"12":1,"13":1,"14":8,"15":0,"16":8,"17":0,"18":8,"19":0,"20":0,"21":8,"22":8,"23":3,"24":3,"25":3,"26":8,"27":8,"28":8,"29":2,"30":2,"31":8,"32":31,"33":2,"34":24,"35":24,"36":1,"37":24,"38":24,"39":24,"40":24,"41":24},"f":{"0":8,"1":2,"2":0,"3":0,"4":0,"5":3,"6":8,"7":2,"8":31,"9":2,"10":24,"11":24,"12":24,"13":24},"b":{"0":[1,1],"1":[0,0],"2":[3,0],"3":[3,0],"4":[2,6],"5":[8,16],"6":[8,16]},"_coverageSchema":"1a1c01bbd47fc00a2c39e90264f33305004495a9","hash":"e108562c5c56b27f901caf7f635138610e7ce91e"}
,"D:\\Study\\HCMUT\\Nam4\\Mobile\\book-exchange-fe\\src\\app\\profile\\index.tsx": {"path":"D:\\Study\\HCMUT\\Nam4\\Mobile\\book-exchange-fe\\src\\app\\profile\\index.tsx","statementMap":{"0":{"start":{"line":5,"column":4},"end":{"line":9,"column":6}}},"fnMap":{"0":{"name":"Index","decl":{"start":{"line":4,"column":24},"end":{"line":4,"column":29}},"loc":{"start":{"line":4,"column":32},"end":{"line":10,"column":1}},"line":4}},"branchMap":{},"s":{"0":0},"f":{"0":0},"b":{}}
,"D:\\Study\\HCMUT\\Nam4\\Mobile\\book-exchange-fe\\utils\\asyncStorage.tsx": {"path":"D:\\Study\\HCMUT\\Nam4\\Mobile\\book-exchange-fe\\utils\\asyncStorage.tsx","statementMap":{"0":{"start":{"line":3,"column":25},"end":{"line":9,"column":1}},"1":{"start":{"line":4,"column":2},"end":{"line":8,"column":3}},"2":{"start":{"line":5,"column":4},"end":{"line":5,"column":43}},"3":{"start":{"line":7,"column":4},"end":{"line":7,"column":41}},"4":{"start":{"line":11,"column":23},"end":{"line":18,"column":1}},"5":{"start":{"line":12,"column":2},"end":{"line":17,"column":3}},"6":{"start":{"line":13,"column":18},"end":{"line":13,"column":49}},"7":{"start":{"line":14,"column":4},"end":{"line":14,"column":17}},"8":{"start":{"line":16,"column":4},"end":{"line":16,"column":41}},"9":{"start":{"line":20,"column":26},"end":{"line":27,"column":1}},"10":{"start":{"line":21,"column":2},"end":{"line":25,"column":3}},"11":{"start":{"line":22,"column":4},"end":{"line":22,"column":39}},"12":{"start":{"line":24,"column":4},"end":{"line":24,"column":42}},"13":{"start":{"line":26,"column":2},"end":{"line":26,"column":23}}},"fnMap":{"0":{"name":"(anonymous_0)","decl":{"start":{"line":3,"column":25},"end":{"line":3,"column":26}},"loc":{"start":{"line":3,"column":63},"end":{"line":9,"column":1}},"line":3},"1":{"name":"(anonymous_1)","decl":{"start":{"line":11,"column":23},"end":{"line":11,"column":24}},"loc":{"start":{"line":11,"column":46},"end":{"line":18,"column":1}},"line":11},"2":{"name":"(anonymous_2)","decl":{"start":{"line":20,"column":26},"end":{"line":20,"column":27}},"loc":{"start":{"line":20,"column":49},"end":{"line":27,"column":1}},"line":20}},"branchMap":{},"s":{"0":0,"1":0,"2":0,"3":0,"4":0,"5":0,"6":0,"7":0,"8":0,"9":0,"10":0,"11":0,"12":0,"13":0},"f":{"0":0,"1":0,"2":0},"b":{}}
}
