TN:
SF:src\app\_layout.tsx
FN:7,RootLayout
FNF:1
FNH:0
FNDA:0,RootLayout
DA:8,0
DA:13,0
DA:14,0
DA:21,0
LF:4
LH:0
BRDA:13,0,0,0
BRDA:13,0,1,0
BRDA:13,1,0,0
BRDA:13,1,1,0
BRF:4
BRH:0
end_of_record
TN:
SF:src\app\index.tsx
FN:20,LaunchAnimationScreen
FN:30,(anonymous_1)
FN:42,(anonymous_2)
FN:47,(anonymous_3)
FN:54,(anonymous_4)
FN:66,(anonymous_5)
FN:70,(anonymous_6)
FN:77,(anonymous_7)
FN:81,(anonymous_8)
FN:83,(anonymous_9)
FN:84,(anonymous_10)
FN:87,(anonymous_11)
FN:88,(anonymous_12)
FN:98,(anonymous_13)
FN:104,(anonymous_14)
FN:107,(anonymous_15)
FN:113,(anonymous_16)
FN:119,(anonymous_17)
FNF:18
FNH:0
FNDA:0,LaunchAnimationScreen
FNDA:0,(anonymous_1)
FNDA:0,(anonymous_2)
FNDA:0,(anonymous_3)
FNDA:0,(anonymous_4)
FNDA:0,(anonymous_5)
FNDA:0,(anonymous_6)
FNDA:0,(anonymous_7)
FNDA:0,(anonymous_8)
FNDA:0,(anonymous_9)
FNDA:0,(anonymous_10)
FNDA:0,(anonymous_11)
FNDA:0,(anonymous_12)
FNDA:0,(anonymous_13)
FNDA:0,(anonymous_14)
FNDA:0,(anonymous_15)
FNDA:0,(anonymous_16)
FNDA:0,(anonymous_17)
DA:21,0
DA:22,0
DA:24,0
DA:25,0
DA:26,0
DA:27,0
DA:28,0
DA:30,0
DA:31,0
DA:32,0
DA:33,0
DA:34,0
DA:35,0
DA:36,0
DA:37,0
DA:38,0
DA:39,0
DA:42,0
DA:43,0
DA:44,0
DA:45,0
DA:46,0
DA:47,0
DA:48,0
DA:49,0
DA:54,0
DA:55,0
DA:56,0
DA:57,0
DA:58,0
DA:59,0
DA:60,0
DA:61,0
DA:62,0
DA:63,0
DA:66,0
DA:67,0
DA:68,0
DA:69,0
DA:70,0
DA:71,0
DA:72,0
DA:77,0
DA:81,0
DA:82,0
DA:83,0
DA:84,0
DA:85,0
DA:86,0
DA:87,0
DA:88,0
DA:90,0
DA:96,0
DA:98,0
DA:99,0
DA:100,0
DA:104,0
DA:105,0
DA:107,0
DA:108,0
DA:113,0
DA:114,0
DA:119,0
DA:120,0
DA:121,0
DA:122,0
DA:125,0
DA:129,0
LF:68
LH:0
BRDA:48,0,0,0
BRDA:48,0,1,0
BRDA:48,1,0,0
BRDA:48,1,1,0
BRDA:71,2,0,0
BRDA:71,2,1,0
BRDA:71,3,0,0
BRDA:71,3,1,0
BRDA:99,4,0,0
BRDA:99,4,1,0
BRDA:100,5,0,0
BRDA:100,5,1,0
BRDA:121,6,0,0
BRDA:121,6,1,0
BRDA:131,7,0,0
BRDA:131,7,1,0
BRDA:135,8,0,0
BRDA:135,8,1,0
BRDA:140,9,0,0
BRDA:140,9,1,0
BRDA:150,10,0,0
BRDA:150,10,1,0
BRDA:158,11,0,0
BRDA:158,11,1,0
BRF:24
BRH:0
end_of_record
TN:
SF:src\app\success.tsx
FN:8,SuccessScreen
FN:10,(anonymous_1)
FNF:2
FNH:0
FNDA:0,SuccessScreen
FNDA:0,(anonymous_1)
DA:10,0
DA:11,0
DA:14,0
LF:3
LH:0
BRF:0
BRH:0
end_of_record
TN:
SF:src\app\auth\login\index.tsx
FN:12,LoginScreen
FN:23,(anonymous_1)
FN:32,(anonymous_2)
FN:62,(anonymous_3)
FN:73,(anonymous_4)
FN:83,(anonymous_5)
FNF:6
FNH:0
FNDA:0,LoginScreen
FNDA:0,(anonymous_1)
FNDA:0,(anonymous_2)
FNDA:0,(anonymous_3)
FNDA:0,(anonymous_4)
FNDA:0,(anonymous_5)
DA:10,0
DA:13,0
DA:14,0
DA:16,0
DA:23,0
DA:24,0
DA:25,0
DA:26,0
DA:27,0
DA:32,0
DA:33,0
DA:34,0
DA:37,0
DA:38,0
DA:39,0
DA:40,0
DA:42,0
DA:43,0
DA:47,0
DA:48,0
DA:50,0
DA:62,0
DA:73,0
DA:83,0
LF:24
LH:0
BRDA:24,0,0,0
BRDA:24,0,1,0
BRDA:26,1,0,0
BRDA:26,1,1,0
BRF:4
BRH:0
end_of_record
TN:
SF:src\app\auth\phone\index.tsx
FN:14,PhoneNumberScreen
FN:20,(anonymous_1)
FN:27,(anonymous_2)
FN:81,(anonymous_3)
FNF:4
FNH:0
FNDA:0,PhoneNumberScreen
FNDA:0,(anonymous_1)
FNDA:0,(anonymous_2)
FNDA:0,(anonymous_3)
DA:15,0
DA:16,0
DA:18,0
DA:20,0
DA:21,0
DA:22,0
DA:23,0
DA:24,0
DA:27,0
DA:28,0
DA:29,0
DA:30,0
DA:34,0
DA:36,0
DA:81,0
LF:15
LH:0
BRDA:29,0,0,0
BRDA:29,0,1,0
BRDA:39,1,0,0
BRDA:39,1,1,0
BRF:4
BRH:0
end_of_record
TN:
SF:src\app\cart\index.tsx
FN:3,Index
FNF:1
FNH:0
FNDA:0,Index
DA:4,0
LF:1
LH:0
BRF:0
BRH:0
end_of_record
TN:
SF:src\app\home\index.tsx
FN:72,Index
FN:134,(anonymous_1)
FN:158,(anonymous_2)
FNF:3
FNH:0
FNDA:0,Index
FNDA:0,(anonymous_1)
FNDA:0,(anonymous_2)
DA:13,0
DA:14,0
DA:16,0
DA:69,0
DA:110,0
DA:135,0
DA:159,0
LF:7
LH:0
BRDA:138,0,0,0
BRDA:138,0,1,0
BRDA:170,1,0,0
BRDA:170,1,1,0
BRDA:185,2,0,0
BRDA:185,2,1,0
BRDA:185,2,2,0
BRF:7
BRH:0
end_of_record
TN:
SF:src\app\hooks\useOnboardingGate.ts
FN:6,useOnboardingGate
FN:10,(anonymous_1)
FN:11,(anonymous_2)
FN:21,(anonymous_3)
FNF:4
FNH:0
FNDA:0,useOnboardingGate
FNDA:0,(anonymous_1)
FNDA:0,(anonymous_2)
FNDA:0,(anonymous_3)
DA:4,0
DA:7,0
DA:8,0
DA:10,0
DA:11,0
DA:12,0
DA:13,0
DA:14,0
DA:16,0
DA:21,0
DA:22,0
DA:23,0
DA:26,0
LF:13
LH:0
BRF:0
BRH:0
end_of_record
TN:
SF:src\app\onboarding\index.tsx
FN:58,OnboardingScreen
FN:68,(anonymous_1)
FN:75,(anonymous_2)
FN:77,(anonymous_3)
FN:78,(anonymous_4)
FN:84,(anonymous_5)
FN:92,(anonymous_6)
FN:98,(anonymous_7)
FN:119,(anonymous_8)
FN:123,(anonymous_9)
FN:130,(anonymous_10)
FN:150,(anonymous_11)
FN:182,(anonymous_12)
FN:189,(anonymous_13)
FNF:14
FNH:11
FNDA:8,OnboardingScreen
FNDA:2,(anonymous_1)
FNDA:0,(anonymous_2)
FNDA:0,(anonymous_3)
FNDA:0,(anonymous_4)
FNDA:3,(anonymous_5)
FNDA:8,(anonymous_6)
FNDA:2,(anonymous_7)
FNDA:31,(anonymous_8)
FNDA:2,(anonymous_9)
FNDA:24,(anonymous_10)
FNDA:24,(anonymous_11)
FNDA:24,(anonymous_12)
FNDA:24,(anonymous_13)
DA:32,1
DA:33,1
DA:35,1
DA:56,1
DA:59,8
DA:60,8
DA:61,8
DA:63,8
DA:64,8
DA:66,8
DA:68,8
DA:69,2
DA:70,1
DA:72,1
DA:75,8
DA:76,0
DA:77,8
DA:78,8
DA:79,0
DA:80,0
DA:83,8
DA:84,8
DA:85,3
DA:86,3
DA:87,3
DA:92,8
DA:93,8
DA:98,8
DA:99,2
DA:100,2
DA:103,8
DA:119,31
DA:123,2
DA:131,24
DA:151,24
DA:182,1
DA:189,24
DA:190,24
DA:192,24
DA:197,24
DA:207,24
LF:41
LH:38
BRDA:69,0,0,1
BRDA:69,0,1,1
BRDA:76,1,0,0
BRDA:76,1,1,0
BRDA:85,2,0,3
BRDA:85,2,1,0
BRDA:87,3,0,3
BRDA:87,3,1,0
BRDA:161,4,0,2
BRDA:161,4,1,6
BRDA:192,5,0,8
BRDA:192,5,1,16
BRDA:200,6,0,8
BRDA:200,6,1,16
BRF:14
BRH:10
end_of_record
TN:
SF:src\app\profile\index.tsx
FN:4,Index
FNF:1
FNH:0
FNDA:0,Index
DA:5,0
LF:1
LH:0
BRF:0
BRH:0
end_of_record
TN:
SF:utils\asyncStorage.tsx
FN:3,(anonymous_0)
FN:11,(anonymous_1)
FN:20,(anonymous_2)
FNF:3
FNH:0
FNDA:0,(anonymous_0)
FNDA:0,(anonymous_1)
FNDA:0,(anonymous_2)
DA:3,0
DA:4,0
DA:5,0
DA:7,0
DA:11,0
DA:12,0
DA:13,0
DA:14,0
DA:16,0
DA:20,0
DA:21,0
DA:22,0
DA:24,0
DA:26,0
LF:14
LH:0
BRF:0
BRH:0
end_of_record
